sda              22.24  3064.77 1252.23 2743.01  6671.55 25105.98    15.91     0.18    0.05    0.22    0.08   0.06  24.38
sdc               0.17     1.74    0.54    3.80     7.99  1117.01   518.36     0.15   35.35   48.85   33.42   4.27   1.85
sdb              19.29  3077.99  484.44 2729.67  3456.69 25105.98    17.77     0.09    0.03    0.29    0.10   0.06  20.02
md2               0.00     0.00 1737.61 5780.50  7527.16 25052.68     8.67     0.00    0.00    0.00    0.00   0.00   0.00
md1               0.00     0.00    0.00    0.00     0.02     0.00    73.70     0.00    0.00    0.00    0.00   0.00   0.00
dm-0              0.00     0.00 1737.25 5778.98  7525.72 25049.92     8.67     0.32    0.04    0.08    0.03   0.00   1.86
dm-1              0.00     0.00    0.36    0.69     1.44     2.76     8.00     0.17  164.71    0.65  250.13   0.35   0.04
sda               7.92     0.00 2108.91 1064.36  8491.09 18544.55    17.04     1.14    0.36    0.29    0.49   0.10  30.89
sdc               0.00     0.00    0.99    0.00     3.96     0.00     8.00     0.01   12.00   12.00    0.00  12.00   1.19
sdb              11.88     9.90  674.26 1054.46  2744.55 18544.55    24.63     1.62    0.94    0.47    1.24   0.11  19.41
md2               0.00     0.00 2805.94 1050.50 11247.52 18514.85    15.44     0.00    0.00    0.00    0.00   0.00   0.00
md1               0.00     0.00    0.00    0.00     0.00     0.00     0.00     0.00    0.00    0.00    0.00   0.00   0.00
dm-0              0.00     0.00 2805.94 1050.50 11247.52 18514.85    15.44     5.86    1.52    0.41    4.48   0.13  50.20
dm-1              0.00     0.00    0.00    0.00     0.00     0.00     0.00     0.00    0.00    0.00    0.00   0.00   0.00
sda               0.00  8065.00 1851.00  198.00  7436.00 33280.00    39.74     2.34    1.14    0.15   10.42   0.14  28.90
sdc               0.00     0.00    0.00    0.00     0.00     0.00     0.00     0.00    0.00    0.00    0.00   0.00   0.00
sdb               0.00  8065.00  599.00  167.00  2404.00 17660.00    52.39     4.38    2.03    0.18    8.68   0.25  18.80
md2               0.00     0.00 2447.00 8263.00  9828.00 33280.00     8.05     0.00    0.00    0.00    0.00   0.00   0.00
md1               0.00     0.00    0.00    0.00     0.00     0.00     0.00     0.00    0.00    0.00    0.00   0.00   0.00
dm-0              0.00     0.00 2446.00 8263.00  9824.00 33280.00     8.05   670.99   25.39    0.16   32.86   0.04  41.20
dm-1              0.00     0.00    0.00    0.00     0.00     0.00     0.00     0.00    0.00    0.00    0.00   0.00   0.00
sda               0.00   329.70 1471.29 5883.17  5889.11 24982.18     8.40     5.19    0.71    0.17    0.84   0.04  32.97
sdc               0.00     0.00    0.00    0.00     0.00     0.00     0.00     0.00    0.00    0.00    0.00   0.00   0.00
sdb               0.00   453.47  559.41 5790.10  2237.62 40447.52    13.45    20.29    3.64    0.19    3.97   0.05  29.90
md2               0.00     0.00 2031.68 6204.95  8130.69 24966.34     8.04     0.00    0.00    0.00    0.00   0.00   0.00
md1               0.00     0.00    0.00    0.00     0.00     0.00     0.00     0.00    0.00    0.00    0.00   0.00   0.00
dm-0              0.00     0.00 2033.66 6203.96  8138.61 24966.34     8.04   190.03   71.04    0.18   94.27   0.06  48.91
dm-1              0.00     0.00    0.00    0.00     0.00     0.00     0.00     0.00    0.00    0.00    0.00   0.00   0.00
sda               0.00     0.00 1932.00  142.00  7756.00   696.00     8.15     0.32    0.16    0.16    0.08   0.12  24.20
sdc               0.00     0.00    0.00    0.00     0.00     0.00     0.00     0.00    0.00    0.00    0.00   0.00   0.00
sdb               0.00     0.00  652.00  142.00  2648.00   696.00     8.42     0.14    0.18    0.19    0.11   0.11   9.10
md2               0.00     0.00 2585.00  142.00 10408.00   696.00     8.14     0.00    0.00    0.00    0.00   0.00   0.00
md1               0.00     0.00    0.00    0.00     0.00     0.00     0.00     0.00    0.00    0.00    0.00   0.00   0.00
dm-0              0.00     0.00 2583.00  142.00 10400.00   696.00     8.14     0.48    0.18    0.17    0.30   0.11  30.80
dm-1              0.00     0.00    0.00    0.00     0.00     0.00     0.00     0.00    0.00    0.00    0.00   0.00   0.00
sda               0.00  8599.00 1233.00 5986.00  4976.00 58434.00    17.57     5.18    0.72    0.17    0.83   0.05  34.20
sdc               0.00    10.00    0.00    2.00     0.00    48.00    48.00     0.03   16.50    0.00   16.50  16.50   3.30
sdb               0.00  8730.00  450.00 5855.00  1800.00 58434.00    19.11    24.41    3.87    0.40    4.14   0.06  36.70
md2               0.00     0.00 1683.00 14585.00  6776.00 58436.00     8.02     0.00    0.00    0.00    0.00   0.00   0.00
md1               0.00     0.00    0.00    0.00     0.00     0.00     0.00     0.00    0.00    0.00    0.00   0.00   0.00
dm-0              0.00     0.00 1684.00 14584.00  6780.00 58436.00     8.02  1294.28   79.56    0.23   88.72   0.03  55.10
dm-1              0.00     0.00    0.00    0.00     0.00     0.00     0.00     0.00    0.00    0.00    0.00   0.00   0.00
sda               0.00     0.00 2131.68  113.86  8617.82   554.46     8.17     0.30    0.14    0.14    0.03   0.11  25.25
sdc               0.00     0.00    0.00    0.00     0.00     0.00     0.00     0.00    0.00    0.00    0.00   0.00   0.00
sdb               0.00     0.00  739.60  113.86  2958.42   554.46     8.23     0.11    0.12    0.14    0.04   0.08   6.93
md2               0.00     0.00 2872.28  112.87 11580.20   550.50     8.13     0.00    0.00    0.00    0.00   0.00   0.00
md1               0.00     0.00    0.00    0.00     0.00     0.00     0.00     0.00    0.00    0.00    0.00   0.00   0.00
dm-0              0.00     0.00 2871.29  112.87 11576.24   550.50     8.13     0.43    0.14    0.14    0.24   0.10  29.50
dm-1              0.00     0.00    0.00    0.00     0.00     0.00     0.00     0.00    0.00    0.00    0.00   0.00   0.00
sda              28.00  6753.00 1881.00  900.00  7748.00 31052.00    27.90     2.20    0.79    0.23    1.96   0.10  28.70
sdc               0.00     0.00    0.00    0.00     0.00     0.00     0.00     0.00    0.00    0.00    0.00   0.00   0.00
sdb               0.00  6753.00  529.00  900.00  2136.00 31050.00    46.45     5.43    3.80    0.36    5.82   0.16  22.60
md2               0.00     0.00 2438.00 7647.00  9880.00 31040.00     8.12     0.00    0.00    0.00    0.00   0.00   0.00
md1               0.00     0.00    0.00    0.00     0.00     0.00     0.00     0.00    0.00    0.00    0.00   0.00   0.00
dm-0              0.00     0.00 2439.00 7644.00  9884.00 31040.00     8.12   351.28   34.84    0.57   45.77   0.05  46.30
dm-1              0.00     0.00    0.00    0.00     0.00     0.00     0.00     0.00    0.00    0.00    0.00   0.00   0.00
sda               4.00     0.00 1664.00 1761.00  6688.00  7990.00     8.57     0.42    0.12    0.15    0.10   0.08  27.20
sdc               0.00     0.00    0.00    0.00     0.00     0.00     0.00     0.00    0.00    0.00    0.00   0.00   0.00
sdb               1.00     0.00  505.00 1761.00  2044.00  7992.00     8.86     0.33    0.15    0.24    0.12   0.07  15.40
md2               0.00     0.00 2174.00 1690.00  8732.00  7848.00     8.58     0.00    0.00    0.00    0.00   0.00   0.00
md1               0.00     0.00    0.00    0.00     0.00     0.00     0.00     0.00    0.00    0.00    0.00   0.00   0.00
dm-0              0.00     0.00 2174.00 1690.00  8732.00  7848.00     8.58     0.99    0.26    0.16    0.38   0.15  57.60
dm-1              0.00     0.00    0.00    0.00     0.00     0.00     0.00     0.00    0.00    0.00    0.00   0.00   0.00
sda               0.00     0.00 1872.00  143.00  7528.00   650.00     8.12     0.25    0.12    0.13    0.08   0.11  23.00
sdc               0.00     0.00    0.00    0.00     0.00     0.00     0.00     0.00    0.00    0.00    0.00   0.00   0.00
sdb               0.00     0.00  566.00  143.00  2268.00   650.00     8.23     0.12    0.17    0.20    0.06   0.11   7.70
md2               0.00     0.00 2440.00  142.00  9804.00   648.00     8.10     0.00    0.00    0.00    0.00   0.00   0.00
md1               0.00     0.00    0.00    0.00     0.00     0.00     0.00     0.00    0.00    0.00    0.00   0.00   0.00
dm-0              0.00     0.00 2440.00  142.00  9804.00   648.00     8.10     0.46    0.18    0.14    0.75   0.13  33.70
dm-1              0.00     0.00    0.00    0.00     0.00     0.00     0.00     0.00    0.00    0.00    0.00   0.00   0.00
sda               0.00  8361.00 1094.00 5678.00  4376.00 56336.00    17.93     8.29    1.23    0.28    1.41   0.05  34.40
sdc               0.00     0.00    0.00    0.00     0.00     0.00     0.00     0.00    0.00    0.00    0.00   0.00   0.00
sdb               0.00  8434.00  367.00 5605.00  1468.00 56336.00    19.36    22.19    3.72    0.15    3.95   0.07  41.80
md2               0.00     0.00 1461.00 14004.00  5844.00 56268.00     8.03     0.00    0.00    0.00    0.00   0.00   0.00
md1               0.00     0.00    0.00    0.00     0.00     0.00     0.00     0.00    0.00    0.00    0.00   0.00   0.00
dm-0              0.00     0.00 1460.00 14003.00  5840.00 56268.00     8.03   901.37   58.29    0.25   64.34   0.04  63.10
dm-1              0.00     0.00    0.00    0.00     0.00     0.00     0.00     0.00    0.00    0.00    0.00   0.00   0.00
sda               0.00  3391.00 1897.00 1052.00  7592.00 18476.00    17.68     1.21    0.41    0.20    0.79   0.10  28.40
sdc               0.00     0.00    0.00    0.00     0.00     0.00     0.00     0.00    0.00    0.00    0.00   0.00   0.00
sdb               0.00  3402.00  692.00 1057.00  2768.00 18508.00    24.33     2.13    1.20    0.23    1.84   0.11  19.80
md2               0.00     0.00 2585.00 4556.00 10344.00 18944.00     8.20     0.00    0.00    0.00    0.00   0.00   0.00
md1               0.00     0.00    0.00    0.00     0.00     0.00     0.00     0.00    0.00    0.00    0.00   0.00   0.00
dm-0              0.00     0.00 2585.00 4596.00 10344.00 19120.00     8.21   132.21   18.39    0.21   28.62   0.07  53.20
dm-1              0.00     0.00    0.00    0.00     0.00     0.00     0.00     0.00    0.00    0.00    0.00   0.00   0.00
sda               0.00   184.00 1650.00 5203.00  6616.00 21520.00     8.21     8.47    1.24    0.15    1.58   0.05  33.30
sdc               0.00     0.00    0.00    0.00     0.00     0.00     0.00     0.00    0.00    0.00    0.00   0.00   0.00
sdb               0.00   218.00  573.00 5153.00  2292.00 21488.00     8.31    13.07    2.29    0.18    2.52   0.04  20.70
md2               0.00     0.00 2223.00 5225.00  8908.00 20952.00     8.02     0.00    0.00    0.00    0.00   0.00   0.00
md1               0.00     0.00    0.00    0.00     0.00     0.00     0.00     0.00    0.00    0.00    0.00   0.00   0.00
dm-0              0.00     0.00 2223.00 5184.00  8908.00 20776.00     8.02    19.13    2.60    0.16    3.65   0.06  44.70
dm-1              0.00     0.00    0.00    0.00     0.00     0.00     0.00     0.00    0.00    0.00    0.00   0.00   0.00
sda               0.00     0.00 2130.69  122.77  8526.73   572.28     8.08     0.29    0.13    0.13    0.04   0.12  27.92
sdc               0.00     0.00    0.00    0.00     0.00     0.00     0.00     0.00    0.00    0.00    0.00   0.00   0.00
sdb               0.00     0.00  749.50  122.77  2998.02   572.28     8.19     0.12    0.14    0.15    0.04   0.11   9.50
md2               0.00     0.00 2881.19  121.78 11528.71   570.30     8.06     0.00    0.00    0.00    0.00   0.00   0.00
md1               0.00     0.00    0.00    0.00     0.00     0.00     0.00     0.00    0.00    0.00    0.00   0.00   0.00
dm-0              0.00     0.00 2881.19  121.78 11528.71   570.30     8.06     0.53    0.18    0.14    1.12   0.13  38.81
dm-1              0.00     0.00    0.00    0.00     0.00     0.00     0.00     0.00    0.00    0.00    0.00   0.00   0.00
sda               0.00  8080.00 2182.00  488.00  8728.00 30708.00    29.54     2.61    0.81    0.15    3.75   0.12  33.00
sdc               0.00     0.00    0.00    0.00     0.00     0.00     0.00     0.00    0.00    0.00    0.00   0.00   0.00
sdb               0.00  8080.00  674.00  454.00  2696.00 13300.00    28.36     3.48    0.94    0.19    2.04   0.14  15.50
md2               0.00     0.00 2855.00 8576.00 11420.00 34604.00     8.05     0.00    0.00    0.00    0.00   0.00   0.00
md1               0.00     0.00    0.00    0.00     0.00     0.00     0.00     0.00    0.00    0.00    0.00   0.00   0.00
dm-0              0.00     0.00 2855.00 8576.00 11420.00 34604.00     8.05   526.50   13.71    0.16   18.21   0.05  58.50
dm-1              0.00     0.00    0.00    0.00     0.00     0.00     0.00     0.00    0.00    0.00    0.00   0.00   0.00
sda               0.00   123.00 1940.00 4425.00  7760.00 24968.00    10.28     3.97    0.70    0.18    0.92   0.06  38.60
sdc               0.00     0.00    0.00    0.00     0.00     0.00     0.00     0.00    0.00    0.00    0.00   0.00   0.00
sdb               0.00   199.00  725.00 4382.00  2900.00 42374.00    17.73    12.38    2.90    0.22    3.34   0.06  33.00
md2               0.00     0.00 2668.00 4511.00 10672.00 21016.00     8.83     0.00    0.00    0.00    0.00   0.00   0.00
md1               0.00     0.00    0.00    0.00     0.00     0.00     0.00     0.00    0.00    0.00    0.00   0.00   0.00
dm-0              0.00     0.00 2668.00 4510.00 10672.00 21016.00     8.83   285.16   91.25    0.19  145.11   0.10  70.20
dm-1              0.00     0.00    0.00    0.00     0.00     0.00     0.00     0.00    0.00    0.00    0.00   0.00   0.00
sda               0.00     0.00 1844.00 3480.00  7392.00 16038.00     8.80     0.82    0.15    0.23    0.12   0.08  41.10
sdc               0.00     0.00    0.00    0.00     0.00     0.00     0.00     0.00    0.00    0.00    0.00   0.00   0.00
sdb               7.00     0.00  726.00 3481.00  2932.00 16040.00     9.02     0.69    0.17    0.35    0.13   0.08  34.60
md2               0.00     0.00 2575.00 3293.00 10316.00 15664.00     8.85     0.00    0.00    0.00    0.00   0.00   0.00
md1               0.00     0.00    0.00    0.00     0.00     0.00     0.00     0.00    0.00    0.00    0.00   0.00   0.00
dm-0              0.00     0.00 2575.00 3293.00 10316.00 15664.00     8.85     1.97    0.33    0.27    0.38   0.17 100.30
dm-1              0.00     0.00    0.00    0.00     0.00     0.00     0.00     0.00    0.00    0.00    0.00   0.00   0.00
sda              29.70  8262.38 1108.91 8065.35  4558.42 74546.53    17.24     8.05    0.88    0.31    0.96   0.04  41.09
sdc               0.00     0.00    0.00    0.00     0.00     0.00     0.00     0.00    0.00    0.00    0.00   0.00   0.00
sdb               0.00  8374.26  379.21 7952.48  1516.83 74546.53    18.26    28.12    3.38    0.81    3.50   0.06  48.32
md2               0.00     0.00 1519.80 16256.44  6079.21 74542.57     9.07     0.00    0.00    0.00    0.00   0.00   0.00
md1               0.00     0.00    0.00    0.00     0.00     0.00     0.00     0.00    0.00    0.00    0.00   0.00   0.00
dm-0              0.00     0.00 1521.78 16255.45  6087.13 74542.57     9.07  1350.39   75.96    0.50   83.03   0.05  97.43
dm-1              0.00     0.00    0.00    0.00     0.00     0.00     0.00     0.00    0.00    0.00    0.00   0.00   0.00
sda               1.00  8105.00 1609.00 4413.00  6440.00 52786.00    19.67     3.11    0.50    0.26    0.59   0.07  40.20
sdc               0.00     0.00    0.00    0.00     0.00     0.00     0.00     0.00    0.00    0.00    0.00   0.00   0.00
sdb               1.00  8131.00  597.00 4348.00  2392.00 52606.00    22.24     6.58    1.27    0.30    1.40   0.08  41.40
md2               0.00     0.00 2206.00 14279.00  8824.00 59900.00     8.34     0.00    0.00    0.00    0.00   0.00   0.00
md1               0.00     0.00    0.00    0.00     0.00     0.00     0.00     0.00    0.00    0.00    0.00   0.00   0.00
dm-0              0.00     0.00 2204.00 14278.00  8816.00 59900.00     8.34   791.54   47.43    0.28   54.70   0.06  98.50
dm-1              0.00     0.00    0.00    0.00     0.00     0.00     0.00     0.00    0.00    0.00    0.00   0.00   0.00
sda               0.00   264.36 1288.12 10072.28  5160.40 44576.24     8.76     6.72    0.60    0.19    0.65   0.04  42.28
sdc               0.00     0.00    0.00    0.00     0.00     0.00     0.00     0.00    0.00    0.00    0.00   0.00   0.00
sdb               0.00   502.97  466.34 9872.28  1865.35 44754.46     9.02    23.07    2.26    0.29    2.35   0.03  34.46
md2               0.00     0.00 1755.45 8465.35  7029.70 37136.63     8.64     0.00    0.00    0.00    0.00   0.00   0.00
md1               0.00     0.00    0.00    0.00     0.00     0.00     0.00     0.00    0.00    0.00    0.00   0.00   0.00
dm-0              0.00     0.00 1755.45 8465.35  7029.70 37136.63     8.64   494.66   49.36    0.22   59.55   0.09  90.20
dm-1              0.00     0.00    0.00    0.00     0.00     0.00     0.00     0.00    0.00    0.00    0.00   0.00   0.00
sda               0.00    72.00 1815.00 1287.00  7268.00 10858.00    11.69     1.11    0.36    0.19    0.59   0.10  32.20
sdc               0.00     0.00    0.00    0.00     0.00     0.00     0.00     0.00    0.00    0.00    0.00   0.00   0.00
sdb               0.00    92.00  583.00 1267.00  2332.00 10858.00    14.26     1.70    0.92    0.23    1.24   0.09  15.90
md2               0.00     0.00 2397.00 1350.00  9596.00 10840.00    10.91     0.00    0.00    0.00    0.00   0.00   0.00
md1               0.00     0.00    0.00    0.00     0.00     0.00     0.00     0.00    0.00    0.00    0.00   0.00   0.00
dm-0              0.00     0.00 2398.00 1350.00  9600.00 10840.00    10.91     4.40    1.14    0.20    2.80   0.14  51.60
dm-1              0.00     0.00    0.00    0.00     0.00     0.00     0.00     0.00    0.00    0.00    0.00   0.00   0.00
sda               0.00  8507.92 1307.92 5897.03  5247.52 58514.85    17.70     8.99    1.25    0.22    1.48   0.05  39.21
sdc               0.00     0.00    0.00    0.00     0.00     0.00     0.00     0.00    0.00    0.00    0.00   0.00   0.00
sdb               0.00  8653.47  466.34 5751.49  1877.23 58514.85    19.43    26.70    4.29    0.18    4.63   0.07  42.08
md2               0.00     0.00 1780.20 14394.06  7148.51 58518.81     8.12     0.00    0.00    0.00    0.00   0.00   0.00
md1               0.00     0.00    0.00    0.00     0.00     0.00     0.00     0.00    0.00    0.00    0.00   0.00   0.00
dm-0              0.00     0.00 1779.21 14393.07  7144.55 58518.81     8.12   818.84   50.63    0.22   56.86   0.04  60.50
dm-1              0.00     0.00    0.00    0.00     0.00     0.00     0.00     0.00    0.00    0.00    0.00   0.00   0.00
sda               0.00     0.00 1809.00  179.00  7276.00  3316.00    10.66     0.33    0.17    0.18    0.08   0.14  28.40
sdc               0.00     0.00    1.00   36.00     4.00 11176.00   604.32     0.67   18.14   93.00   16.06   2.81  10.40
sdb               0.00     0.00  605.00  179.00  2420.00  3316.00    14.63     0.10    0.12    0.13    0.09   0.11   8.40
md2               0.00     0.00 2411.00  176.00  9684.00  3284.00    10.03     0.00    0.00    0.00    0.00   0.00   0.00
md1               0.00     0.00    0.00    0.00     0.00     0.00     0.00     0.00    0.00    0.00    0.00   0.00   0.00
dm-0              0.00     0.00 2411.00  176.00  9684.00  3284.00    10.03     0.59    0.23    0.17    1.14   0.13  34.10
dm-1              0.00     0.00    0.00    0.00     0.00     0.00     0.00     0.00    0.00    0.00    0.00   0.00   0.00
sda               0.00     0.00 1714.85  131.68  6891.09  3366.34    11.11     0.27    0.15    0.15    0.11   0.14  25.25
sdc               0.00     0.00    0.00    0.00     0.00     0.00     0.00     0.00    0.00    0.00    0.00   0.00   0.00
sdb               0.00     0.00  615.84  131.68  2526.73  3366.34    15.77     0.09    0.13    0.13    0.11   0.12   8.61
md2               0.00     0.00 2334.65  131.68  9429.70  3366.34    10.38     0.00    0.00    0.00    0.00   0.00   0.00
md1               0.00     0.00    0.00    0.00     0.00     0.00     0.00     0.00    0.00    0.00    0.00   0.00   0.00
dm-0              0.00     0.00 2336.63  132.67  9437.62  3374.26    10.38     0.37    0.15    0.14    0.25   0.12  29.41
dm-1              0.00     0.00    0.00    0.00     0.00     0.00     0.00     0.00    0.00    0.00    0.00   0.00   0.00
sda              37.00  8827.00 1248.00 7545.00  5144.00 70020.00    17.10    14.25    1.62    0.31    1.84   0.05  45.60
sdc               0.00     0.00    0.00    0.00     0.00     0.00     0.00     0.00    0.00    0.00    0.00   0.00   0.00
sdb               0.00  8888.00  396.00 7485.00  1624.00 70020.00    18.18    22.68    2.88    0.35    3.01   0.06  44.50
md2               0.00     0.00 1677.00 16334.00  6756.00 69972.00     8.52     0.00    0.00    0.00    0.00   0.00   0.00
md1               0.00     0.00    0.00    0.00     0.00     0.00     0.00     0.00    0.00    0.00    0.00   0.00   0.00
dm-0              0.00     0.00 1675.00 16332.00  6748.00 69964.00     8.52   901.75   50.07    0.36   55.17   0.05  94.10
dm-1              0.00     0.00    0.00    0.00     0.00     0.00     0.00     0.00    0.00    0.00    0.00   0.00   0.00
sda               0.00     0.00 1782.00  139.00  7164.00  3396.00    10.99     0.29    0.15    0.16    0.10   0.13  24.40
sdc               0.00     0.00    0.00    0.00     0.00     0.00     0.00     0.00    0.00    0.00    0.00   0.00   0.00
sdb               0.00     0.00  712.00  139.00  2856.00  3396.00    14.69     0.15    0.18    0.19    0.09   0.10   8.40
md2               0.00     0.00 2493.00  136.00 10016.00  3360.00    10.18     0.00    0.00    0.00    0.00   0.00   0.00
md1               0.00     0.00    0.00    0.00     0.00     0.00     0.00     0.00    0.00    0.00    0.00   0.00   0.00
dm-0              0.00     0.00 2493.00  136.00 10016.00  3360.00    10.18     0.47    0.18    0.17    0.37   0.11  28.50
dm-1              0.00     0.00    0.00    0.00     0.00     0.00     0.00     0.00    0.00    0.00    0.00   0.00   0.00
sda               4.95  8643.56 1181.19 8336.63  4748.51 69827.72    15.67     7.76    0.82    0.22    0.90   0.05  43.17
sdc               0.00     0.00    0.00    0.00     0.00     0.00     0.00     0.00    0.00    0.00    0.00   0.00   0.00
sdb               0.00  8726.73  485.15 8252.48  1940.59 69827.72    16.43    25.42    2.91    0.31    3.06   0.05  47.03
md2               0.00     0.00 1670.30 17009.90  6685.15 71069.31     8.32     0.00    0.00    0.00    0.00   0.00   0.00
md1               0.00     0.00    0.00    0.00     0.00     0.00     0.00     0.00    0.00    0.00    0.00   0.00   0.00
dm-0              0.00     0.00 1672.28 17008.91  6693.07 71069.31     8.33  1328.52   71.02    0.25   77.98   0.05  92.28
dm-1              0.00     0.00    0.00    0.00     0.00     0.00     0.00     0.00    0.00    0.00    0.00   0.00   0.00
sda               0.00    47.00 1770.00 3099.00  7152.00 16038.00     9.53     2.01    0.41    0.19    0.54   0.08  37.40
sdc               0.00     4.00    0.00    2.00     0.00    24.00    24.00     0.03   16.50    0.00   16.50  16.50   3.30
sdb               0.00    45.00  587.00 3101.00  2352.00 16038.00     9.97     2.08    0.56    0.31    0.61   0.07  25.80
md2               0.00     0.00 2357.00 3147.00  9504.00 15112.00     8.94     0.00    0.00    0.00    0.00   0.00   0.00
md1               0.00     0.00    0.00    0.00     0.00     0.00     0.00     0.00    0.00    0.00    0.00   0.00   0.00
dm-0              0.00     0.00 2356.00 3175.00  9500.00 15228.00     8.94    48.99    9.14    0.22   15.76   0.18 100.10
dm-1              0.00     0.00    0.00    0.00     0.00     0.00     0.00     0.00    0.00    0.00    0.00   0.00   0.00
sda               9.00  9182.00 1587.00 8370.00  6392.00 70134.00    15.37    24.32    2.43    0.43    2.81   0.06  59.70
sdc               0.00     0.00    0.00    0.00     0.00     0.00     0.00     0.00    0.00    0.00    0.00   0.00   0.00
sdb              29.00  9208.00  502.00 8368.00  2124.00 70266.00    16.32    52.43    5.90    0.60    6.22   0.06  55.50
md2               0.00     0.00 2141.00 17533.00  8568.00 70284.00     8.02     0.00    0.00    0.00    0.00   0.00   0.00
md1               0.00     0.00    0.00    0.00     0.00     0.00     0.00     0.00    0.00    0.00    0.00   0.00   0.00
dm-0              0.00     0.00 2140.00 17521.00  8568.00 70244.00     8.02   976.00   49.62    0.50   55.62   0.05  99.70
dm-1              0.00     0.00    0.00    0.00     0.00     0.00     0.00     0.00    0.00    0.00    0.00   0.00   0.00
sda               0.00   927.00 1843.00 4345.00  7440.00 21754.00     9.44     5.11    0.85    0.25    1.10   0.06  36.50
sdc               0.00     0.00    0.00    0.00     0.00     0.00     0.00     0.00    0.00    0.00    0.00   0.00   0.00
sdb               4.00   939.00  665.00 4309.00  2680.00 21622.00     9.77     5.63    1.14    0.31    1.27   0.04  22.20
md2               0.00     0.00 2518.00 5504.00 10148.00 22588.00     8.16     0.00    0.00    0.00    0.00   0.00   0.00
md1               0.00     0.00    0.00    0.00     0.00     0.00     0.00     0.00    0.00    0.00    0.00   0.00   0.00
dm-0              0.00     0.00 2518.00 5486.00 10144.00 22512.00     8.16   107.84   11.97    0.27   17.34   0.11  91.30
dm-1              0.00     0.00    0.00    0.00     0.00     0.00     0.00     0.00    0.00    0.00    0.00   0.00   0.00
sda               0.00  1093.00 1864.00 5325.00  7540.00 25796.00     9.27     6.85    0.96    0.25    1.21   0.06  45.10
sdc               0.00     0.00    0.00    0.00     0.00     0.00     0.00     0.00    0.00    0.00    0.00   0.00   0.00
sdb               0.00  1096.00  659.00 5322.00  2644.00 25796.00     9.51     7.93    1.34    0.33    1.46   0.06  34.10
md2               0.00     0.00 2503.00 5996.00 10104.00 24128.00     8.06     0.00    0.00    0.00    0.00   0.00   0.00
md1               0.00     0.00    0.00    0.00     0.00     0.00     0.00     0.00    0.00    0.00    0.00   0.00   0.00
dm-0              0.00     0.00 2505.00 5996.00 10116.00 24128.00     8.06   705.32   84.44    0.28  119.60   0.11  89.30
dm-1              0.00     0.00    0.00    0.00     0.00     0.00     0.00     0.00    0.00    0.00    0.00   0.00   0.00
sda               0.00  8073.00 1694.00  295.00  6812.00 33690.00    40.73     2.51    1.26    0.16    7.60   0.15  29.90
sdc               0.00     0.00    0.00    0.00     0.00     0.00     0.00     0.00    0.00    0.00    0.00   0.00   0.00
sdb               0.00  8073.00  714.00  295.00  2872.00 33690.00    72.47     6.18    6.13    0.13   20.65   0.28  28.70
md2               0.00     0.00 2407.00 8364.00  9680.00 33680.00     8.05     0.00    0.00    0.00    0.00   0.00   0.00
md1               0.00     0.00    0.00    0.00     0.00     0.00     0.00     0.00    0.00    0.00    0.00   0.00   0.00
dm-0              0.00     0.00 2406.00 8363.00  9672.00 33680.00     8.05   909.03   84.41    0.15  108.66   0.05  53.00
dm-1              0.00     0.00    0.00    0.00     0.00     0.00     0.00     0.00    0.00    0.00    0.00   0.00   0.00
sda               0.00     0.00 1824.75    0.00  7378.22     0.00     8.09     0.29    0.16    0.16    0.00   0.13  23.47
sdc               0.00     0.00    0.00   13.86     0.00  6839.60   986.86     0.30   21.64    0.00   21.64   3.57   4.95
sdb               0.00     0.00  648.51    0.00  2594.06     0.00     8.00     0.13    0.20    0.20    0.00   0.09   5.84
md2               0.00     0.00 2473.27    0.00  9972.28     0.00     8.06     0.00    0.00    0.00    0.00   0.00   0.00
md1               0.00     0.00    0.00    0.00     0.00     0.00     0.00     0.00    0.00    0.00    0.00   0.00   0.00
dm-0              0.00     0.00 2472.28    0.00  9968.32     0.00     8.06     0.43    0.17    0.17    0.00   0.11  26.44
dm-1              0.00     0.00    0.00    0.00     0.00     0.00     0.00     0.00    0.00    0.00    0.00   0.00   0.00
sda               0.00     0.00 1982.00    1.00  7952.00     4.00     8.02     0.27    0.14    0.14    0.00   0.13  24.90
sdc               0.00     0.00    0.00    0.00     0.00     0.00     0.00     0.00    0.00    0.00    0.00   0.00   0.00
sdb               0.00     0.00  630.00    1.00  2520.00     4.00     8.00     0.10    0.15    0.15    0.00   0.11   7.10
md2               0.00     0.00 2613.00    1.00 10476.00     4.00     8.02     0.00    0.00    0.00    0.00   0.00   0.00
md1               0.00     0.00    0.00    0.00     0.00     0.00     0.00     0.00    0.00    0.00    0.00   0.00   0.00
dm-0              0.00     0.00 2613.00    1.00 10476.00     4.00     8.02     0.37    0.14    0.14    0.00   0.11  27.60
dm-1              0.00     0.00    0.00    0.00     0.00     0.00     0.00     0.00    0.00    0.00    0.00   0.00   0.00
sda               0.00  8101.00 1563.00   69.00  6388.00 32672.00    47.87     2.65    1.63    0.27   32.29   0.17  27.90
sdc               0.00     0.00    0.00    0.00     0.00     0.00     0.00     0.00    0.00    0.00    0.00   0.00   0.00
sdb               0.00  8101.00  485.00   69.00  1940.00 32672.00   124.95     5.21    9.41    0.15   74.49   0.41  22.50
md2               0.00     0.00 2050.00 8170.00  8336.00 32672.00     8.03     0.00    0.00    0.00    0.00   0.00   0.00
md1               0.00     0.00    0.00    0.00     0.00     0.00     0.00     0.00    0.00    0.00    0.00   0.00   0.00
dm-0              0.00     0.00 2050.00 8169.00  8336.00 32672.00     8.03   841.52   82.35    0.24  102.95   0.04  41.10
dm-1              0.00     0.00    0.00    0.00     0.00     0.00     0.00     0.00    0.00    0.00    0.00   0.00   0.00
sda               0.00     0.00 1901.00    0.00  7664.00     0.00     8.06     0.23    0.12    0.12    0.00   0.12  22.10
sdc               0.00     0.00    0.00    0.00     0.00     0.00     0.00     0.00    0.00    0.00    0.00   0.00   0.00
sdb               0.00     0.00  651.00    0.00  2644.00     0.00     8.12     0.11    0.17    0.17    0.00   0.11   7.10
md2               0.00     0.00 2550.00    0.00 10300.00     0.00     8.08     0.00    0.00    0.00    0.00   0.00   0.00
md1               0.00     0.00    0.00    0.00     0.00     0.00     0.00     0.00    0.00    0.00    0.00   0.00   0.00
dm-0              0.00     0.00 2550.00    0.00 10300.00     0.00     8.08     0.35    0.14    0.14    0.00   0.10  25.80
dm-1              0.00     0.00    0.00    0.00     0.00     0.00     0.00     0.00    0.00    0.00    0.00   0.00   0.00
sda               1.00  8421.00 1335.00 7899.00  5348.00 65892.00    15.43     9.89    1.07    0.38    1.19   0.05  46.10
sdc               0.00     0.00    0.00    0.00     0.00     0.00     0.00     0.00    0.00    0.00    0.00   0.00   0.00
sdb               0.00  8462.00  453.00 7794.00  1812.00 65580.00    16.34    22.10    2.65    0.27    2.79   0.06  53.20
md2               0.00     0.00 1789.00 16329.00  7160.00 66148.00     8.09     0.00    0.00    0.00    0.00   0.00   0.00
md1               0.00     0.00    0.00    0.00     0.00     0.00     0.00     0.00    0.00    0.00    0.00   0.00   0.00
dm-0              0.00     0.00 1789.00 16328.00  7160.00 66148.00     8.09   934.03   51.54    0.35   57.15   0.05  93.90
dm-1              0.00     0.00    0.00    0.00     0.00     0.00     0.00     0.00    0.00    0.00    0.00   0.00   0.00
sda              10.89    16.83 1884.16 3493.07  7600.00 15154.46     8.46     0.96    0.18    0.17    0.19   0.06  34.95
sdc               0.00     2.97    0.00    1.98     0.00    19.80    20.00     0.02   10.00    0.00   10.00  10.00   1.98
sdb               0.00    20.79  734.65 3552.48  2950.50 15463.37     8.59     1.98    0.52    0.27    0.57   0.06  26.83
md2               0.00     0.00 2630.69 3294.06 10554.46 14487.13     8.45     0.00    0.00    0.00    0.00   0.00   0.00
md1               0.00     0.00    0.00    0.00     0.00     0.00     0.00     0.00    0.00    0.00    0.00   0.00   0.00
dm-0              0.00     0.00 2631.68 3294.06 10558.42 14487.13     8.45     3.35    0.61    0.20    0.94   0.13  76.34
dm-1              0.00     0.00    0.00    0.00     0.00     0.00     0.00     0.00    0.00    0.00    0.00   0.00   0.00
sda               0.00     0.00 1928.00    1.00  7792.00     4.00     8.08     0.29    0.15    0.15    0.00   0.12  24.00
sdc               0.00     0.00    0.00    0.00     0.00     0.00     0.00     0.00    0.00    0.00    0.00   0.00   0.00
sdb               0.00     0.00  610.00    1.00  2440.00     4.00     8.00     0.07    0.11    0.11    0.00   0.10   6.30
md2               0.00     0.00 2536.00 4733.00 10224.00 18932.00     8.02     0.00    0.00    0.00    0.00   0.00   0.00
md1               0.00     0.00    0.00    0.00     0.00     0.00     0.00     0.00    0.00    0.00    0.00   0.00   0.00
dm-0              0.00     0.00 2535.00 4961.00 10220.00 19752.00     8.00    61.53    0.05    0.14    0.00   0.04  28.50
dm-1              0.00     0.00    0.00    0.00     0.00     0.00     0.00     0.00    0.00    0.00    0.00   0.00   0.00
sda               0.00  8321.00 1316.00 5945.00  5268.00 56996.00    17.15     9.77    1.35    0.40    1.56   0.05  39.90
sdc               0.00     0.00    0.00    4.00     0.00    64.00    32.00     0.00    0.00    0.00    0.00   0.00   0.00
sdb               0.00  8391.00  379.00 5875.00  1516.00 56996.00    18.71    22.38    3.58    0.21    3.80   0.06  38.90
md2               0.00     0.00 1696.00 9504.00  6788.00 38008.00     8.00     0.00    0.00    0.00    0.00   0.00   0.00
md1               0.00     0.00    0.00    0.00     0.00     0.00     0.00     0.00    0.00    0.00    0.00   0.00   0.00
dm-0              0.00     0.00 1696.00 9275.00  6788.00 37188.00     8.02   816.85   80.03    0.36   94.60   0.05  53.60
dm-1              0.00     0.00    0.00    0.00     0.00     0.00     0.00     0.00    0.00    0.00    0.00   0.00   0.00
sda               0.00     0.00 2568.32    2.97 10352.48     9.90     8.06     0.36    0.14    0.14    0.33   0.10  26.83
sdc               0.00     0.00    0.00    0.00     0.00     0.00     0.00     0.00    0.00    0.00    0.00   0.00   0.00
sdb               0.00     0.00  941.58    2.97  3900.99     9.90     8.28     0.20    0.22    0.22    0.33   0.10   9.80
md2               0.00     0.00 3509.90    1.98 14253.47     7.92     8.12     0.00    0.00    0.00    0.00   0.00   0.00
md1               0.00     0.00    0.00    0.00     0.00     0.00     0.00     0.00    0.00    0.00    0.00   0.00   0.00
dm-0              0.00     0.00 3509.90    1.98 14253.47     7.92     8.12     0.59    0.17    0.17    1.50   0.09  32.28
dm-1              0.00     0.00    0.00    0.00     0.00     0.00     0.00     0.00    0.00    0.00    0.00   0.00   0.00
sda               0.00     0.00 1819.00    0.00  7280.00     0.00     8.00     0.28    0.16    0.16    0.00   0.12  22.40
sdc               0.00     0.00    0.00    0.00     0.00     0.00     0.00     0.00    0.00    0.00    0.00   0.00   0.00
sdb               0.00     0.00  752.00    0.00  3080.00     0.00     8.19     0.10    0.13    0.13    0.00   0.09   7.00
md2               0.00     0.00 2570.00    0.00 10360.00     0.00     8.06     0.00    0.00    0.00    0.00   0.00   0.00
md1               0.00     0.00    0.00    0.00     0.00     0.00     0.00     0.00    0.00    0.00    0.00   0.00   0.00
dm-0              0.00     0.00 2570.00    0.00 10360.00     0.00     8.06     0.38    0.15    0.15    0.00   0.10  25.60
dm-1              0.00     0.00    0.00    0.00     0.00     0.00     0.00     0.00    0.00    0.00    0.00   0.00   0.00
sda               0.00  8595.00 1364.00 7421.00  5512.00 64764.00    16.00    12.20    1.39    0.39    1.57   0.05  43.90
sdc               0.00     0.00    0.00    0.00     0.00     0.00     0.00     0.00    0.00    0.00    0.00   0.00   0.00
sdb               0.00  8661.00  475.00 7354.00  1900.00 64764.00    17.03    23.79    3.04    0.33    3.21   0.06  47.20
md2               0.00     0.00 1863.00 15951.00  7480.00 64636.00     8.10     0.00    0.00    0.00    0.00   0.00   0.00
md1               0.00     0.00    0.00    0.00     0.00     0.00     0.00     0.00    0.00    0.00    0.00   0.00   0.00
dm-0              0.00     0.00 1876.00 15950.00  7556.00 64636.00     8.10   928.00   52.06    0.37   58.14   0.04  77.90
dm-1              0.00     0.00    0.00    0.00     0.00     0.00     0.00     0.00    0.00    0.00    0.00   0.00   0.00
sda              16.83     0.00 2213.86 2456.44  8946.53 10611.88     8.38     0.56    0.12    0.17    0.07   0.07  33.86
sdc               0.00     0.00    0.00    0.00     0.00     0.00     0.00     0.00    0.00    0.00    0.00   0.00   0.00
sdb               2.97     0.00  982.18 2456.44  3960.40 10611.88     8.48     0.51    0.15    0.19    0.13   0.06  20.20
md2               0.00     0.00 3192.08 2395.05 12835.64 10487.13     8.35     0.00    0.00    0.00    0.00   0.00   0.00
md1               0.00     0.00    0.00    0.00     0.00     0.00     0.00     0.00    0.00    0.00    0.00   0.00   0.00
dm-0              0.00     0.00 3179.21 2395.05 12760.40 10487.13     8.34     1.47    0.26    0.19    0.36   0.13  71.88
dm-1              0.00     0.00    0.00    0.00     0.00     0.00     0.00     0.00    0.00    0.00    0.00   0.00   0.00
sda               0.00  8243.56 1281.19 5889.11  5433.66 56487.13    17.27    10.16    1.41    0.37    1.63   0.05  38.71
sdc               0.00     0.00    0.00    0.00     0.00     0.00     0.00     0.00    0.00    0.00    0.00   0.00   0.00
sdb               0.00  8335.64  493.07 5797.03  1972.28 56487.13    18.59    24.09    3.83    0.20    4.14   0.06  37.82
md2               0.00     0.00 1776.24 14112.87  7413.86 56447.52     8.04     0.00    0.00    0.00    0.00   0.00   0.00
md1               0.00     0.00    0.00    0.00     0.00     0.00     0.00     0.00    0.00    0.00    0.00   0.00   0.00
dm-0              0.00     0.00 1776.24 14110.89  7413.86 56447.52     8.04   756.87   47.64    0.32   53.60   0.03  53.27
dm-1              0.00     0.00    0.00    0.00     0.00     0.00     0.00     0.00    0.00    0.00    0.00   0.00   0.00
sda              13.00     0.00 1918.00  104.00  7752.00  8944.00    16.51     0.91    0.45    0.24    4.28   0.12  23.90
sdc               0.00     5.00   34.00   20.00   136.00  8964.00   337.04     1.25   23.09   24.15   21.30   2.04  11.00
sdb               0.00     0.00  646.00  104.00  2584.00  8944.00    30.74     1.23    1.63    0.35    9.62   0.16  12.20
md2               0.00     0.00 2577.00  102.00 10336.00  8940.00    14.39     0.00    0.00    0.00    0.00   0.00   0.00
md1               0.00     0.00    0.00    0.00     0.00     0.00     0.00     0.00    0.00    0.00    0.00   0.00   0.00
dm-0              0.00     0.00 2578.00  102.00 10340.00  8940.00    14.39     7.44    2.78    0.27   66.18   0.15  38.90
dm-1              0.00     0.00    0.00    0.00     0.00     0.00     0.00     0.00    0.00    0.00    0.00   0.00   0.00
sda               0.00     0.00 1636.00    2.00  6568.00     6.00     8.03     0.23    0.14    0.14    0.00   0.12  19.20
sdc               0.00     0.00    0.00    0.00     0.00     0.00     0.00     0.00    0.00    0.00    0.00   0.00   0.00
sdb               0.00     0.00  534.00    2.00  2136.00     6.00     7.99     0.08    0.16    0.16    0.00   0.10   5.50
md2               0.00     0.00 2172.00    1.00  8712.00     4.00     8.02     0.00    0.00    0.00    0.00   0.00   0.00
md1               0.00     0.00    0.00    0.00     0.00     0.00     0.00     0.00    0.00    0.00    0.00   0.00   0.00
dm-0              0.00     0.00 2171.00    1.00  8708.00     4.00     8.02     0.33    0.15    0.15   11.00   0.11  23.20
dm-1              0.00     0.00    0.00    0.00     0.00     0.00     0.00     0.00    0.00    0.00    0.00   0.00   0.00
sda               0.00  8252.48 1868.32 5775.25  7481.19 56049.50    16.62    13.52    1.77    0.27    2.26   0.06  43.56
sdc               0.00     0.00    0.00    0.00     0.00     0.00     0.00     0.00    0.00    0.00    0.00   0.00   0.00
sdb               0.00  8274.26  315.84 5753.47  1263.37 56049.50    18.89    19.17    3.16    0.42    3.31   0.06  36.93
md2               0.00     0.00 2181.19 14000.99  8732.67 55996.04     8.00     0.00    0.00    0.00    0.00   0.00   0.00
md1               0.00     0.00    0.00    0.00     0.00     0.00     0.00     0.00    0.00    0.00    0.00   0.00   0.00
dm-0              0.00     0.00 2184.16 14000.00  8740.59 55996.04     8.00   862.04   53.26    0.29   61.53   0.03  51.19
dm-1              0.00     0.00    0.00    0.00     0.00     0.00     0.00     0.00    0.00    0.00    0.00   0.00   0.00
sda              16.00     0.00 1738.00 1628.00  7056.00  6958.00     8.33     0.41    0.12    0.16    0.08   0.08  26.20
sdc               0.00     0.00    0.00    0.00     0.00     0.00     0.00     0.00    0.00    0.00    0.00   0.00   0.00
sdb               9.00     0.00  572.00 1628.00  2324.00  6958.00     8.44     0.30    0.14    0.28    0.09   0.07  14.60
md2               0.00     0.00 2337.00 1582.00  9388.00  6868.00     8.30     0.00    0.00    0.00    0.00   0.00   0.00
md1               0.00     0.00    0.00    0.00     0.00     0.00     0.00     0.00    0.00    0.00    0.00   0.00   0.00
dm-0              0.00     0.00 2335.00 1582.00  9384.00  6868.00     8.30     0.91    0.23    0.19    0.28   0.13  51.40
dm-1              0.00     0.00    0.00    0.00     0.00     0.00     0.00     0.00    0.00    0.00    0.00   0.00   0.00
sda               4.00  8599.00 2136.00 7863.00  8604.00 66342.00    14.99     8.79    0.88    0.33    1.03   0.06  55.60
sdc               0.00     0.00    0.00    0.00     0.00     0.00     0.00     0.00    0.00    0.00    0.00   0.00   0.00
sdb               2.00  8723.00  432.00 7739.00  1736.00 66342.00    16.66    24.36    2.98    0.33    3.13   0.06  47.70
md2               0.00     0.00 2573.00 16423.00 10336.00 66264.00     8.06     0.00    0.00    0.00    0.00   0.00   0.00
md1               0.00     0.00    0.00    0.00     0.00     0.00     0.00     0.00    0.00    0.00    0.00   0.00   0.00
dm-0              0.00     0.00 2574.00 16422.00 10340.00 66264.00     8.07  1454.58   76.57    0.34   88.52   0.05 100.30
dm-1              0.00     0.00    0.00    0.00     0.00     0.00     0.00     0.00    0.00    0.00    0.00   0.00   0.00
sda               0.00     0.00 1887.00  339.00  9192.00  1350.00     9.47     0.31    0.14    0.15    0.06   0.11  23.40
sdc               0.00    10.00    0.00    2.00     0.00    48.00    48.00     0.04   18.00    0.00   18.00  18.00   3.60
sdb               0.00     0.00  557.00  339.00  3808.00  1350.00    11.51     0.12    0.14    0.17    0.08   0.10   8.60
md2               0.00     0.00 2445.00  335.00 13004.00  1340.00    10.32     0.00    0.00    0.00    0.00   0.00   0.00
md1               0.00     0.00    0.00    0.00     0.00     0.00     0.00     0.00    0.00    0.00    0.00   0.00   0.00
dm-0              0.00     0.00 2443.00  335.00 12996.00  1340.00    10.32     0.50    0.20    0.16    0.50   0.12  33.60
dm-1              0.00     0.00    0.00    0.00     0.00     0.00     0.00     0.00    0.00    0.00    0.00   0.00   0.00
sda               0.00     0.00 1614.00    1.00  6524.00     4.00     8.08     0.18    0.11    0.11    0.00   0.11  17.80
sdc               0.00     0.00    0.00    0.00     0.00     0.00     0.00     0.00    0.00    0.00    0.00   0.00   0.00
sdb               0.00     0.00  484.00    1.00  1952.00     4.00     8.07     0.05    0.11    0.11    0.00   0.10   4.80
md2               0.00     0.00 2095.00    1.00  8464.00     4.00     8.08     0.00    0.00    0.00    0.00   0.00   0.00
md1               0.00     0.00    0.00    0.00     0.00     0.00     0.00     0.00    0.00    0.00    0.00   0.00   0.00
dm-0              0.00     0.00 2095.00    1.00  8464.00     4.00     8.08     0.23    0.11    0.11    0.00   0.10  20.00
dm-1              0.00     0.00    0.00    0.00     0.00     0.00     0.00     0.00    0.00    0.00    0.00   0.00   0.00
sda              31.00 10096.00 1385.00 5838.00  7636.00 63678.00    19.75    11.18    1.55    0.35    1.83   0.05  38.30
sdc               0.00     0.00    0.00    0.00     0.00     0.00     0.00     0.00    0.00    0.00    0.00   0.00   0.00
sdb               0.00 10141.00  447.00 5793.00  3264.00 63678.00    21.46    22.34    3.58    0.41    3.83   0.06  39.90
md2               0.00     0.00 1864.00 15913.00 10900.00 63636.00     8.39     0.00    0.00    0.00    0.00   0.00   0.00
md1               0.00     0.00    0.00    0.00     0.00     0.00     0.00     0.00    0.00    0.00    0.00   0.00   0.00
dm-0              0.00     0.00 1864.00 15911.00 10900.00 63636.00     8.39   791.91   44.55    1.18   49.63   0.03  54.80
dm-1              0.00     0.00    0.00    0.00     0.00     0.00     0.00     0.00    0.00    0.00    0.00   0.00   0.00
sda               0.00     0.00 2181.19    0.99  8887.13     3.96     8.15     0.30    0.14    0.14    0.00   0.13  28.32
sdc               0.00     0.00    0.00    0.00     0.00     0.00     0.00     0.00    0.00    0.00    0.00   0.00   0.00
sdb               0.00     0.00  546.53    0.99  2245.54     3.96     8.22     0.08    0.15    0.15    0.00   0.11   6.14
md2               0.00     0.00 2727.72    0.99 11132.67     3.96     8.16     0.00    0.00    0.00    0.00   0.00   0.00
md1               0.00     0.00    0.00    0.00     0.00     0.00     0.00     0.00    0.00    0.00    0.00   0.00   0.00
dm-0              0.00     0.00 2727.72    0.99 11132.67     3.96     8.16     0.38    0.14    0.14    0.00   0.11  31.19
dm-1              0.00     0.00    0.00    0.00     0.00     0.00     0.00     0.00    0.00    0.00    0.00   0.00   0.00
sda               0.00     0.00 1954.00    1.00  7924.00     4.00     8.11     0.25    0.13    0.13    0.00   0.12  22.50
sdc               0.00     0.00    0.00    0.00     0.00     0.00     0.00     0.00    0.00    0.00    0.00   0.00   0.00
sdb               0.00     0.00  579.00    1.00  2428.00     4.00     8.39     0.08    0.14    0.14    0.00   0.10   5.80
md2               0.00     0.00 2537.00    1.00 10368.00     4.00     8.17     0.00    0.00    0.00    0.00   0.00   0.00
md1               0.00     0.00    0.00    0.00     0.00     0.00     0.00     0.00    0.00    0.00    0.00   0.00   0.00
dm-0              0.00     0.00 2539.00    1.00 10376.00     4.00     8.17     0.34    0.13    0.13    0.00   0.10  25.50
dm-1              0.00     0.00    0.00    0.00     0.00     0.00     0.00     0.00    0.00    0.00    0.00   0.00   0.00
sda               0.00  8469.31 1042.57 7667.33  4423.76 64923.76    15.92     6.94    0.80    0.41    0.85   0.04  38.81
sdc               0.00     0.00    0.00    0.00     0.00     0.00     0.00     0.00    0.00    0.00    0.00   0.00   0.00
sdb               0.00  8626.73  285.15 7509.90  1140.59 64923.76    16.95    24.68    3.17    0.35    3.27   0.06  46.14
md2               0.00     0.00 1325.74 16070.30  5552.48 64796.04     8.09     0.00    0.00    0.00    0.00   0.00   0.00
md1               0.00     0.00    0.00    0.00     0.00     0.00     0.00     0.00    0.00    0.00    0.00   0.00   0.00
dm-0              0.00     0.00 1324.75 16069.31  5552.48 64796.04     8.09   823.98   47.37    0.39   51.24   0.05  91.49
dm-1              0.00     0.00    0.00    0.00     0.00     0.00     0.00     0.00    0.00    0.00    0.00   0.00   0.00
sda               0.00     2.00 1691.00 2523.00  6864.00 10308.00     8.15     0.53    0.13    0.17    0.09   0.07  29.40
sdc               0.00     0.00    0.00    0.00     0.00     0.00     0.00     0.00    0.00    0.00    0.00   0.00   0.00
sdb               0.00    89.00  586.00 2436.00  2356.00 10308.00     8.38     0.72    0.24    0.20    0.25   0.04  13.20
md2               0.00     0.00 2277.00 2484.00  9224.00 10224.00     8.17     0.00    0.00    0.00    0.00   0.00   0.00
md1               0.00     0.00    0.00    0.00     0.00     0.00     0.00     0.00    0.00    0.00    0.00   0.00   0.00
dm-0              0.00     0.00 2276.00 2484.00  9216.00 10224.00     8.17     1.56    0.33    0.18    0.47   0.13  63.50
dm-1              0.00     0.00    0.00    0.00     0.00     0.00     0.00     0.00    0.00    0.00    0.00   0.00   0.00
sda               0.00  8095.00 2053.00   72.00  8440.00 32664.00    38.69     2.64    1.24    0.28   28.64   0.15  32.30
sdc               0.00     0.00    0.00    0.00     0.00     0.00     0.00     0.00    0.00    0.00    0.00   0.00   0.00
sdb               0.00  8095.00  578.00   42.00  2312.00 17628.00    64.32     4.43    2.69    0.18   37.19   0.26  15.90
md2               0.00     0.00 2629.00 8165.00 10744.00 32660.00     8.04     0.00    0.00    0.00    0.00   0.00   0.00
md1               0.00     0.00    0.00    0.00     0.00     0.00     0.00     0.00    0.00    0.00    0.00   0.00   0.00
dm-0              0.00     0.00 2629.00 8165.00 10744.00 32660.00     8.04   709.42   28.13    0.26   37.10   0.04  39.20
dm-1              0.00     0.00    0.00    0.00     0.00     0.00     0.00     0.00    0.00    0.00    0.00   0.00   0.00
sda               0.00   385.00 1716.00 5588.00  6984.00 23832.00     8.44     8.14    1.12    0.15    1.41   0.05  34.00
sdc               0.00     0.00    0.00    0.00     0.00     0.00     0.00     0.00    0.00    0.00    0.00   0.00   0.00
sdb               0.00   447.00  561.00 5556.00  2308.00 38868.00    13.46    18.36    3.45    0.14    3.79   0.05  29.00
md2               0.00     0.00 2277.00 5947.00  9292.00 23780.00     8.04     0.00    0.00    0.00    0.00   0.00   0.00
md1               0.00     0.00    0.00    0.00     0.00     0.00     0.00     0.00    0.00    0.00    0.00   0.00   0.00
dm-0              0.00     0.00 2277.00 5946.00  9292.00 23780.00     8.04   195.16   73.09    0.14  101.02   0.06  46.10
dm-1              0.00     0.00    0.00    0.00     0.00     0.00     0.00     0.00    0.00    0.00    0.00   0.00   0.00
sda               0.00     0.00 1960.40    7.92  7920.79    25.74     8.07     0.28    0.14    0.14    0.00   0.13  24.75
sdc               0.00     0.00    0.00    0.00     0.00     0.00     0.00     0.00    0.00    0.00    0.00   0.00   0.00
sdb               0.00     0.00  753.47    7.92  3053.47    25.74     8.09     0.14    0.19    0.19    0.00   0.10   7.92
md2               0.00     0.00 2715.84    6.93 10982.18    23.76     8.08     0.00    0.00    0.00    0.00   0.00   0.00
md1               0.00     0.00    0.00    0.00     0.00     0.00     0.00     0.00    0.00    0.00    0.00   0.00   0.00
dm-0              0.00     0.00 2717.82    6.93 10990.10    23.76     8.08     0.43    0.16    0.15    1.29   0.10  28.02
dm-1              0.00     0.00    0.00    0.00     0.00     0.00     0.00     0.00    0.00    0.00    0.00   0.00   0.00

